<?xml version="1.0" encoding="UTF-8"?>
<!-- Generated by org.testng.reporters.JUnitReportReporter -->
<testsuite skipped="0" hostname="DESKTOP-P39G688" name="vtiger_crm_pomclass_testcases.BaseTestcls" tests="1" failures="0" timestamp="2021-02-03T11:54:12 IST" time="10.384" errors="0">
  <testcase name="openBrowser" time="10.384" classname="vtiger_crm_pomclass_testcases.BaseTestcls"/>
  <system-out/>
</testsuite> <!-- vtiger_crm_pomclass_testcases.BaseTestcls -->
