<?xml version="1.0" encoding="UTF-8"?>
<!-- Generated by org.testng.reporters.JUnitReportReporter -->
<testsuite skipped="0" hostname="DESKTOP-P39G688" name="vtiger_crm_pomclass.Loginpage" tests="2" failures="0" timestamp="2021-02-12T09:53:52 IST" time="56.677" errors="0">
  <testcase name="login" time="51.976" classname="vtiger_crm_pomclass.Loginpage"/>
  <system-out/>
  <testcase name="openBrowser" time="4.701" classname="vtiger_crm_pomclass.Loginpage"/>
  <system-out/>
</testsuite> <!-- vtiger_crm_pomclass.Loginpage -->
