<?xml version="1.0" encoding="UTF-8"?>
<!-- Generated by org.testng.reporters.JUnitReportReporter -->
<testsuite skipped="0" hostname="DESKTOP-P39G688" name="vtiger_crm_pomclass.BaseTestcls" tests="1" failures="0" timestamp="2021-02-11T13:37:22 IST" time="6.544" errors="0">
  <testcase name="openBrowser" time="6.544" classname="vtiger_crm_pomclass.BaseTestcls"/>
  <system-out/>
</testsuite> <!-- vtiger_crm_pomclass.BaseTestcls -->
