<?xml version="1.0" encoding="UTF-8"?>
<!-- Generated by org.testng.reporters.JUnitReportReporter -->
<testsuite skipped="0" hostname="DESKTOP-P39G688" name="vtiger_crm_class_testcases.MainClass" tests="1" failures="0" timestamp="2021-02-11T14:25:12 IST" time="6.749" errors="0">
  <testcase name="run" time="6.749" classname="vtiger_crm_class_testcases.MainClass"/>
  <system-out/>
</testsuite> <!-- vtiger_crm_class_testcases.MainClass -->
